<?xml version="1.0" encoding="UTF-8"?>
<!-- Generated by org.testng.reporters.JUnitXMLReporter -->
<testsuite ignored="0" hostname="DESKTOP-770O1EP" failures="0" tests="15" name="Test" time="219.396" errors="0" timestamp="2022-11-21T15:29:47 IST">
  <testcase classname="pom_testcases.DWS_Apparel_Test" name="TC08" time="4.04"/>
  <testcase classname="pom_testcases.DWS_SearchTest" name="TC01" time="2.456"/>
  <testcase classname="pom_testcases.DWS_RegisterTest" name="TC02" time="2.731"/>
  <testcase classname="pom_testcases.DWS_ShoppingKartTest" name="TC11" time="0.756"/>
  <testcase classname="pom_testcases.DWS_ElectronicsTest" name="TC09" time="11.521"/>
  <testcase classname="pom_testcases.DWS_CommunityPoll" name="TC05" time="0.289"/>
  <testcase classname="pom_testcases.DWS_LinkTest" name="text_of_images" time="6.381"/>
  <testcase classname="pom_testcases.DWS_SubscribeTest" name="TC010" time="0.334"/>
  <testcase classname="pom_testcases.DWS_GiftTest" name="TC08" time="1.46"/>
  <testcase classname="pom_testcases.DWS_BookTest" name="TC15" time="1.095"/>
  <testcase classname="pom_testcases.DWS_DigitalTest" name="TC13" time="2.442"/>
  <testcase classname="pom_testcases.DWS_JewelryTest" name="TC07" time="4.265"/>
  <testcase classname="pom_testcases.DWS_ComputersTest" name="Computer" time="0.008"/>
  <testcase classname="pom_testcases.DWS_Login_Test" name="TC01" time="3.674"/>
  <testcase classname="pom_testcases.DWS_AdvanceSearchTest" name="TC04" time="3.119"/>
</testsuite> <!-- Test -->
