<?xml version="1.0" encoding="UTF-8"?>
<testng-results ignored="0" total="15" passed="15" failed="0" skipped="0">
  <reporter-output>
  </reporter-output>
  <suite started-at="2022-11-21T15:26:06 IST" name="Suite" finished-at="2022-11-21T15:29:46 IST" duration-ms="219396">
    <groups>
    </groups>
    <test started-at="2022-11-21T15:26:06 IST" name="Test" finished-at="2022-11-21T15:29:46 IST" duration-ms="219396">
      <class name="pom_testcases.DWS_SubscribeTest">
        <test-method is-config="true" signature="BrowserSetup()[pri:0, instance:pom_testcases.DWS_SubscribeTest@75d3a5e0]" started-at="2022-11-21T15:28:02 IST" name="BrowserSetup" finished-at="2022-11-21T15:28:11 IST" duration-ms="8639" status="PASS">
          <reporter-output>
          </reporter-output>
        </test-method> <!-- BrowserSetup -->
        <test-method signature="TC010(java.lang.String)[pri:0, instance:pom_testcases.DWS_SubscribeTest@75d3a5e0]" started-at="2022-11-21T15:28:11 IST" name="TC010" data-provider="TestData" finished-at="2022-11-21T15:28:11 IST" duration-ms="334" status="PASS">
          <params>
            <param index="0">
              <value>
                <![CDATA[chaithu@gmail.com]]>
              </value>
            </param>
          </params>
          <reporter-output>
          </reporter-output>
        </test-method> <!-- TC010 -->
        <test-method is-config="true" signature="Teardown()[pri:0, instance:pom_testcases.DWS_SubscribeTest@75d3a5e0]" started-at="2022-11-21T15:28:11 IST" name="Teardown" finished-at="2022-11-21T15:28:12 IST" duration-ms="416" status="PASS">
          <reporter-output>
          </reporter-output>
        </test-method> <!-- Teardown -->
      </class> <!-- pom_testcases.DWS_SubscribeTest -->
      <class name="pom_testcases.DWS_DigitalTest">
        <test-method is-config="true" signature="BrowserSetup()[pri:0, instance:pom_testcases.DWS_DigitalTest@74e28667]" started-at="2022-11-21T15:28:30 IST" name="BrowserSetup" finished-at="2022-11-21T15:28:38 IST" duration-ms="7846" status="PASS">
          <reporter-output>
          </reporter-output>
        </test-method> <!-- BrowserSetup -->
        <test-method signature="TC13()[pri:0, instance:pom_testcases.DWS_DigitalTest@74e28667]" started-at="2022-11-21T15:28:38 IST" name="TC13" finished-at="2022-11-21T15:28:40 IST" duration-ms="2442" status="PASS">
          <reporter-output>
          </reporter-output>
        </test-method> <!-- TC13 -->
        <test-method is-config="true" signature="Teardown()[pri:0, instance:pom_testcases.DWS_DigitalTest@74e28667]" started-at="2022-11-21T15:28:40 IST" name="Teardown" finished-at="2022-11-21T15:28:41 IST" duration-ms="351" status="PASS">
          <reporter-output>
          </reporter-output>
        </test-method> <!-- Teardown -->
      </class> <!-- pom_testcases.DWS_DigitalTest -->
      <class name="pom_testcases.DWS_ShoppingKartTest">
        <test-method is-config="true" signature="BrowserSetup()[pri:0, instance:pom_testcases.DWS_ShoppingKartTest@235ecd9f]" started-at="2022-11-21T15:27:11 IST" name="BrowserSetup" finished-at="2022-11-21T15:27:18 IST" duration-ms="6906" status="PASS">
          <reporter-output>
          </reporter-output>
        </test-method> <!-- BrowserSetup -->
        <test-method signature="TC11(java.lang.String,java.lang.String)[pri:0, instance:pom_testcases.DWS_ShoppingKartTest@235ecd9f]" started-at="2022-11-21T15:27:18 IST" name="TC11" data-provider="TestData" finished-at="2022-11-21T15:27:19 IST" duration-ms="756" status="PASS">
          <params>
            <param index="0">
              <value>
                <![CDATA[India]]>
              </value>
            </param>
            <param index="1">
              <value>
                <![CDATA[560075]]>
              </value>
            </param>
          </params>
          <reporter-output>
          </reporter-output>
        </test-method> <!-- TC11 -->
        <test-method is-config="true" signature="Teardown()[pri:0, instance:pom_testcases.DWS_ShoppingKartTest@235ecd9f]" started-at="2022-11-21T15:27:19 IST" name="Teardown" finished-at="2022-11-21T15:27:19 IST" duration-ms="288" status="PASS">
          <reporter-output>
          </reporter-output>
        </test-method> <!-- Teardown -->
      </class> <!-- pom_testcases.DWS_ShoppingKartTest -->
      <class name="pom_testcases.DWS_ComputersTest">
        <test-method is-config="true" signature="BrowserSetup()[pri:0, instance:pom_testcases.DWS_ComputersTest@663c9e7a]" started-at="2022-11-21T15:28:53 IST" name="BrowserSetup" finished-at="2022-11-21T15:29:12 IST" duration-ms="19206" status="PASS">
          <reporter-output>
          </reporter-output>
        </test-method> <!-- BrowserSetup -->
        <test-method signature="Computer()[pri:0, instance:pom_testcases.DWS_ComputersTest@663c9e7a]" started-at="2022-11-21T15:29:12 IST" name="Computer" finished-at="2022-11-21T15:29:12 IST" duration-ms="8" status="PASS">
          <reporter-output>
          </reporter-output>
        </test-method> <!-- Computer -->
        <test-method is-config="true" signature="Teardown()[pri:0, instance:pom_testcases.DWS_ComputersTest@663c9e7a]" started-at="2022-11-21T15:29:12 IST" name="Teardown" finished-at="2022-11-21T15:29:13 IST" duration-ms="503" status="PASS">
          <reporter-output>
          </reporter-output>
        </test-method> <!-- Teardown -->
      </class> <!-- pom_testcases.DWS_ComputersTest -->
      <class name="pom_testcases.DWS_Login_Test">
        <test-method is-config="true" signature="BrowserSetup()[pri:0, instance:pom_testcases.DWS_Login_Test@19e4653c]" started-at="2022-11-21T15:29:13 IST" name="BrowserSetup" finished-at="2022-11-21T15:29:23 IST" duration-ms="10724" status="PASS">
          <reporter-output>
          </reporter-output>
        </test-method> <!-- BrowserSetup -->
        <test-method signature="TC01()[pri:0, instance:pom_testcases.DWS_Login_Test@19e4653c]" started-at="2022-11-21T15:29:23 IST" name="TC01" finished-at="2022-11-21T15:29:27 IST" duration-ms="3674" status="PASS">
          <reporter-output>
          </reporter-output>
        </test-method> <!-- TC01 -->
        <test-method is-config="true" signature="Teardown()[pri:0, instance:pom_testcases.DWS_Login_Test@19e4653c]" started-at="2022-11-21T15:29:27 IST" name="Teardown" finished-at="2022-11-21T15:29:27 IST" duration-ms="291" status="PASS">
          <reporter-output>
          </reporter-output>
        </test-method> <!-- Teardown -->
      </class> <!-- pom_testcases.DWS_Login_Test -->
      <class name="pom_testcases.DWS_AdvanceSearchTest">
        <test-method is-config="true" signature="BrowserSetup()[pri:0, instance:pom_testcases.DWS_AdvanceSearchTest@795509d9]" started-at="2022-11-21T15:29:27 IST" name="BrowserSetup" finished-at="2022-11-21T15:29:42 IST" duration-ms="14588" status="PASS">
          <reporter-output>
          </reporter-output>
        </test-method> <!-- BrowserSetup -->
        <test-method signature="TC04(java.lang.String,java.lang.String,java.lang.String,java.lang.String,java.lang.String)[pri:0, instance:pom_testcases.DWS_AdvanceSearchTest@795509d9]" started-at="2022-11-21T15:29:42 IST" name="TC04" data-provider="TestData" finished-at="2022-11-21T15:29:45 IST" duration-ms="3119" status="PASS">
          <params>
            <param index="0">
              <value>
                <![CDATA[Computer]]>
              </value>
            </param>
            <param index="1">
              <value>
                <![CDATA[Computers]]>
              </value>
            </param>
            <param index="2">
              <value>
                <![CDATA[Tricentis]]>
              </value>
            </param>
            <param index="3">
              <value>
                <![CDATA[1000]]>
              </value>
            </param>
            <param index="4">
              <value>
                <![CDATA[200]]>
              </value>
            </param>
          </params>
          <reporter-output>
          </reporter-output>
        </test-method> <!-- TC04 -->
        <test-method is-config="true" signature="Teardown()[pri:0, instance:pom_testcases.DWS_AdvanceSearchTest@795509d9]" started-at="2022-11-21T15:29:45 IST" name="Teardown" finished-at="2022-11-21T15:29:46 IST" duration-ms="393" status="PASS">
          <reporter-output>
          </reporter-output>
        </test-method> <!-- Teardown -->
      </class> <!-- pom_testcases.DWS_AdvanceSearchTest -->
      <class name="pom_testcases.DWS_CommunityPoll">
        <test-method is-config="true" signature="BrowserSetup()[pri:0, instance:pom_testcases.DWS_CommunityPoll@58cbafc2]" started-at="2022-11-21T15:27:40 IST" name="BrowserSetup" finished-at="2022-11-21T15:27:48 IST" duration-ms="8126" status="PASS">
          <reporter-output>
          </reporter-output>
        </test-method> <!-- BrowserSetup -->
        <test-method signature="TC05()[pri:0, instance:pom_testcases.DWS_CommunityPoll@58cbafc2]" started-at="2022-11-21T15:27:48 IST" name="TC05" finished-at="2022-11-21T15:27:48 IST" duration-ms="289" status="PASS">
          <reporter-output>
          </reporter-output>
        </test-method> <!-- TC05 -->
        <test-method is-config="true" signature="Teardown()[pri:0, instance:pom_testcases.DWS_CommunityPoll@58cbafc2]" started-at="2022-11-21T15:27:48 IST" name="Teardown" finished-at="2022-11-21T15:27:48 IST" duration-ms="293" status="PASS">
          <reporter-output>
          </reporter-output>
        </test-method> <!-- Teardown -->
      </class> <!-- pom_testcases.DWS_CommunityPoll -->
      <class name="pom_testcases.DWS_JewelryTest">
        <test-method is-config="true" signature="BrowserSetup()[pri:0, instance:pom_testcases.DWS_JewelryTest@1cf6d1be]" started-at="2022-11-21T15:28:41 IST" name="BrowserSetup" finished-at="2022-11-21T15:28:48 IST" duration-ms="7338" status="PASS">
          <reporter-output>
          </reporter-output>
        </test-method> <!-- BrowserSetup -->
        <test-method signature="TC07(java.lang.String,java.lang.String,java.lang.String)[pri:0, instance:pom_testcases.DWS_JewelryTest@1cf6d1be]" started-at="2022-11-21T15:28:48 IST" name="TC07" data-provider="TestData" finished-at="2022-11-21T15:28:53 IST" duration-ms="4265" status="PASS">
          <params>
            <param index="0">
              <value>
                <![CDATA[Created on]]>
              </value>
            </param>
            <param index="1">
              <value>
                <![CDATA[4]]>
              </value>
            </param>
            <param index="2">
              <value>
                <![CDATA[List]]>
              </value>
            </param>
          </params>
          <reporter-output>
          </reporter-output>
        </test-method> <!-- TC07 -->
        <test-method is-config="true" signature="Teardown()[pri:0, instance:pom_testcases.DWS_JewelryTest@1cf6d1be]" started-at="2022-11-21T15:28:53 IST" name="Teardown" finished-at="2022-11-21T15:28:53 IST" duration-ms="266" status="PASS">
          <reporter-output>
          </reporter-output>
        </test-method> <!-- Teardown -->
      </class> <!-- pom_testcases.DWS_JewelryTest -->
      <class name="pom_testcases.DWS_ElectronicsTest">
        <test-method is-config="true" signature="BrowserSetup()[pri:0, instance:pom_testcases.DWS_ElectronicsTest@1ca3b418]" started-at="2022-11-21T15:27:19 IST" name="BrowserSetup" finished-at="2022-11-21T15:27:28 IST" duration-ms="8570" status="PASS">
          <reporter-output>
          </reporter-output>
        </test-method> <!-- BrowserSetup -->
        <test-method signature="TC09(java.lang.String,java.lang.String)[pri:0, instance:pom_testcases.DWS_ElectronicsTest@1ca3b418]" started-at="2022-11-21T15:27:28 IST" name="TC09" data-provider="TestData" finished-at="2022-11-21T15:27:40 IST" duration-ms="11521" status="PASS">
          <params>
            <param index="0">
              <value>
                <![CDATA[abhismg98@gmail.com]]>
              </value>
            </param>
            <param index="1">
              <value>
                <![CDATA[chaithuuk1712@gmail.com]]>
              </value>
            </param>
          </params>
          <reporter-output>
          </reporter-output>
        </test-method> <!-- TC09 -->
        <test-method is-config="true" signature="Teardown()[pri:0, instance:pom_testcases.DWS_ElectronicsTest@1ca3b418]" started-at="2022-11-21T15:27:40 IST" name="Teardown" finished-at="2022-11-21T15:27:40 IST" duration-ms="227" status="PASS">
          <reporter-output>
          </reporter-output>
        </test-method> <!-- Teardown -->
      </class> <!-- pom_testcases.DWS_ElectronicsTest -->
      <class name="pom_testcases.DWS_BookTest">
        <test-method is-config="true" signature="BrowserSetup()[pri:0, instance:pom_testcases.DWS_BookTest@7161d8d1]" started-at="2022-11-21T15:28:22 IST" name="BrowserSetup" finished-at="2022-11-21T15:28:29 IST" duration-ms="6633" status="PASS">
          <reporter-output>
          </reporter-output>
        </test-method> <!-- BrowserSetup -->
        <test-method signature="TC15()[pri:0, instance:pom_testcases.DWS_BookTest@7161d8d1]" started-at="2022-11-21T15:28:29 IST" name="TC15" finished-at="2022-11-21T15:28:30 IST" duration-ms="1095" status="PASS">
          <reporter-output>
          </reporter-output>
        </test-method> <!-- TC15 -->
        <test-method is-config="true" signature="Teardown()[pri:0, instance:pom_testcases.DWS_BookTest@7161d8d1]" started-at="2022-11-21T15:28:30 IST" name="Teardown" finished-at="2022-11-21T15:28:30 IST" duration-ms="300" status="PASS">
          <reporter-output>
          </reporter-output>
        </test-method> <!-- Teardown -->
      </class> <!-- pom_testcases.DWS_BookTest -->
      <class name="pom_testcases.DWS_RegisterTest">
        <test-method is-config="true" signature="BrowserSetup()[pri:0, instance:pom_testcases.DWS_RegisterTest@202b0582]" started-at="2022-11-21T15:26:56 IST" name="BrowserSetup" finished-at="2022-11-21T15:27:08 IST" duration-ms="11357" status="PASS">
          <reporter-output>
          </reporter-output>
        </test-method> <!-- BrowserSetup -->
        <test-method signature="TC02(java.lang.String,java.lang.String,java.lang.String,java.lang.String,java.lang.String)[pri:0, instance:pom_testcases.DWS_RegisterTest@202b0582]" started-at="2022-11-21T15:27:08 IST" name="TC02" data-provider="TestData" finished-at="2022-11-21T15:27:11 IST" duration-ms="2731" status="PASS">
          <params>
            <param index="0">
              <value>
                <![CDATA[Chaithanya]]>
              </value>
            </param>
            <param index="1">
              <value>
                <![CDATA[UK]]>
              </value>
            </param>
            <param index="2">
              <value>
                <![CDATA[chaithu@gmail.com]]>
              </value>
            </param>
            <param index="3">
              <value>
                <![CDATA[chaithuuk]]>
              </value>
            </param>
            <param index="4">
              <value>
                <![CDATA[chaithuuk]]>
              </value>
            </param>
          </params>
          <reporter-output>
          </reporter-output>
        </test-method> <!-- TC02 -->
        <test-method is-config="true" signature="Teardown()[pri:0, instance:pom_testcases.DWS_RegisterTest@202b0582]" started-at="2022-11-21T15:27:11 IST" name="Teardown" finished-at="2022-11-21T15:27:11 IST" duration-ms="451" status="PASS">
          <reporter-output>
          </reporter-output>
        </test-method> <!-- Teardown -->
      </class> <!-- pom_testcases.DWS_RegisterTest -->
      <class name="pom_testcases.DWS_SearchTest">
        <test-method is-config="true" signature="BrowserSetup()[pri:0, instance:pom_testcases.DWS_SearchTest@3b0fe47a]" started-at="2022-11-21T15:26:33 IST" name="BrowserSetup" finished-at="2022-11-21T15:26:44 IST" duration-ms="11014" status="PASS">
          <reporter-output>
          </reporter-output>
        </test-method> <!-- BrowserSetup -->
        <test-method signature="TC01(java.lang.String)[pri:0, instance:pom_testcases.DWS_SearchTest@3b0fe47a]" started-at="2022-11-21T15:26:52 IST" name="TC01" data-provider="TestData" finished-at="2022-11-21T15:26:55 IST" duration-ms="2456" status="PASS">
          <params>
            <param index="0">
              <value>
                <![CDATA[Books]]>
              </value>
            </param>
          </params>
          <reporter-output>
          </reporter-output>
        </test-method> <!-- TC01 -->
        <test-method is-config="true" signature="Teardown()[pri:0, instance:pom_testcases.DWS_SearchTest@3b0fe47a]" started-at="2022-11-21T15:26:55 IST" name="Teardown" finished-at="2022-11-21T15:26:56 IST" duration-ms="1467" status="PASS">
          <reporter-output>
          </reporter-output>
        </test-method> <!-- Teardown -->
      </class> <!-- pom_testcases.DWS_SearchTest -->
      <class name="pom_testcases.DWS_LinkTest">
        <test-method is-config="true" signature="BrowserSetup()[pri:0, instance:pom_testcases.DWS_LinkTest@2034b64c]" started-at="2022-11-21T15:27:48 IST" name="BrowserSetup" finished-at="2022-11-21T15:27:55 IST" duration-ms="7002" status="PASS">
          <reporter-output>
          </reporter-output>
        </test-method> <!-- BrowserSetup -->
        <test-method signature="text_of_images()[pri:0, instance:pom_testcases.DWS_LinkTest@2034b64c]" started-at="2022-11-21T15:27:55 IST" name="text_of_images" finished-at="2022-11-21T15:28:02 IST" duration-ms="6381" status="PASS">
          <reporter-output>
          </reporter-output>
        </test-method> <!-- text_of_images -->
        <test-method is-config="true" signature="Teardown()[pri:0, instance:pom_testcases.DWS_LinkTest@2034b64c]" started-at="2022-11-21T15:28:02 IST" name="Teardown" finished-at="2022-11-21T15:28:02 IST" duration-ms="266" status="PASS">
          <reporter-output>
          </reporter-output>
        </test-method> <!-- Teardown -->
      </class> <!-- pom_testcases.DWS_LinkTest -->
      <class name="pom_testcases.DWS_GiftTest">
        <test-method is-config="true" signature="BrowserSetup()[pri:0, instance:pom_testcases.DWS_GiftTest@74d1dc36]" started-at="2022-11-21T15:28:12 IST" name="BrowserSetup" finished-at="2022-11-21T15:28:20 IST" duration-ms="8424" status="PASS">
          <reporter-output>
          </reporter-output>
        </test-method> <!-- BrowserSetup -->
        <test-method signature="TC08()[pri:0, instance:pom_testcases.DWS_GiftTest@74d1dc36]" started-at="2022-11-21T15:28:20 IST" name="TC08" finished-at="2022-11-21T15:28:22 IST" duration-ms="1460" status="PASS">
          <reporter-output>
          </reporter-output>
        </test-method> <!-- TC08 -->
        <test-method is-config="true" signature="Teardown()[pri:0, instance:pom_testcases.DWS_GiftTest@74d1dc36]" started-at="2022-11-21T15:28:22 IST" name="Teardown" finished-at="2022-11-21T15:28:22 IST" duration-ms="580" status="PASS">
          <reporter-output>
          </reporter-output>
        </test-method> <!-- Teardown -->
      </class> <!-- pom_testcases.DWS_GiftTest -->
      <class name="pom_testcases.DWS_Apparel_Test">
        <test-method is-config="true" signature="BrowserSetup()[pri:0, instance:pom_testcases.DWS_Apparel_Test@5d0bf09b]" started-at="2022-11-21T15:26:06 IST" name="BrowserSetup" finished-at="2022-11-21T15:26:26 IST" duration-ms="20251" status="PASS">
          <reporter-output>
          </reporter-output>
        </test-method> <!-- BrowserSetup -->
        <test-method signature="TC08()[pri:0, instance:pom_testcases.DWS_Apparel_Test@5d0bf09b]" started-at="2022-11-21T15:26:26 IST" name="TC08" finished-at="2022-11-21T15:26:30 IST" duration-ms="4040" status="PASS">
          <reporter-output>
          </reporter-output>
        </test-method> <!-- TC08 -->
        <test-method is-config="true" signature="Teardown()[pri:0, instance:pom_testcases.DWS_Apparel_Test@5d0bf09b]" started-at="2022-11-21T15:26:31 IST" name="Teardown" finished-at="2022-11-21T15:26:33 IST" duration-ms="2110" status="PASS">
          <reporter-output>
          </reporter-output>
        </test-method> <!-- Teardown -->
      </class> <!-- pom_testcases.DWS_Apparel_Test -->
    </test> <!-- Test -->
  </suite> <!-- Suite -->
</testng-results>
